[11:14:15] [main/INFO] (Quilt Loader/GameProvider) Loading Minecraft 1.21.10 with Quilt Loader 0.29.2
[11:14:15] [main/INFO] (Quilt Loader/Mappings) Loading mappings: jar:file:/C:/Users/Alex/.gradle/caches/fabric-loom/1.21.10/net.fabricmc.yarn.1_21_10.1.21.10+build.3-v2/mappings.jar!/mappings/mappings.tiny
[11:14:15] [main/INFO] (Quilt Loader/Mappings) Loaded mapping namespaces: [official, intermediary, named]
[11:14:15] [main/INFO] (Quilt Loader/Mappings) Target namespace: intermediary
[11:14:15] [main/INFO] (Quilt Loader/GameRemap) Preparing JARs on first launch, this may take a few seconds...
[11:14:15] [main/INFO] (Quilt Loader/Cache) Not reusing previous transform cache since it has 3 different keys. (Add '-Dloader.transform_cache.log_changed_keys=true' to see all changes).
[11:14:19] [main/INFO] (Quilt Loader) Loading 4 mods:
| Index | Mod                      | ID           | Version | Type    | File Hash (SHA-1)                        | File(s)                                                                                                                                    | Sub-File                                    |
|------:|--------------------------|--------------|---------|---------|------------------------------------------|--------------------------------------------------------------------------------------------------------------------------------------------|---------------------------------------------|
|     1 | Minecraft                | minecraft    | 1.21.10 | Builtin | 1479eab7e05d7b8026bfa95542cf6b072b45f918 | <game>\.cache\quilt_loader\remappedJars\minecraft-1.21.10-0.29.2\client-intermediary.jar                                                   | /                                           |
|       |                          |              |         |         |                                          | <game>\.cache\quilt_loader\remappedJars\minecraft-1.21.10-0.29.2\common-intermediary.jar                                                   | /                                           |
|     3 | MixinExtras              | mixinextras  | 0.5.0   | Fabric  | 517e5a696ba6ff779e09821b1799c989779b4219 | <user>\.gradle\caches\modules-2\files-2.1\org.quiltmc\quilt-loader\0.29.2\517e5a696ba6ff779e09821b1799c989779b4219\quilt-loader-0.29.2.jar | /META-INF/jars/mixinextras-fabric-0.5.0.jar |
|     0 | OpenJDK 64-Bit Server VM | java         | 21      | Builtin |                                          | <user>\.jdks\temurin-21.0.10                                                                                                               |                                             |
|     2 | Quilt Loader             | quilt_loader | 0.29.2  | Quilt   | 517e5a696ba6ff779e09821b1799c989779b4219 | <user>\.gradle\caches\modules-2\files-2.1\org.quiltmc\quilt-loader\0.29.2\517e5a696ba6ff779e09821b1799c989779b4219\quilt-loader-0.29.2.jar |                                             |
|------:|--------------------------|--------------|---------|---------|------------------------------------------|--------------------------------------------------------------------------------------------------------------------------------------------|---------------------------------------------|
Mod Table Version: 2
Plugin Types: {quilted_fabric_loader=[Fabric], quilt_loader=[Quilt, Builtin]}
[11:14:19] [main/INFO] (Quilt Loader/Mixin) SpongePowered MIXIN Subsystem Version=0.8.7 Source=file:/C:/Users/Alex/.gradle/caches/modules-2/files-2.1/net.fabricmc/sponge-mixin/0.17.0+mixin.0.8.7/cf31463202f72d03b0ef1e1e38e8ee71b7faaab6/sponge-mixin-0.17.0+mixin.0.8.7.jar Service=Knot/Quilt Env=CLIENT
[11:14:19] [main/WARN] (Quilt Loader) Adding unknown root to the classpath, this may slow down class loading: sun.nio.fs.WindowsFileSystem@6e9d3220 C:\Users\Alex\IdeaProjects\lifesteal\quiltdev\build\classes\java\client
[11:14:19] [main/WARN] (Quilt Loader) Adding unknown root to the classpath, this may slow down class loading: sun.nio.fs.WindowsFileSystem@6e9d3220 C:\Users\Alex\IdeaProjects\lifesteal\quiltdev\build\resources\client
[11:14:20] [main/WARN] (Quilt Loader) Adding unknown root to the classpath, this may slow down class loading: sun.nio.fs.WindowsFileSystem@6e9d3220 C:\Users\Alex\IdeaProjects\lifesteal\quiltdev\build\classes\java\main
[11:14:20] [main/WARN] (Quilt Loader) Adding unknown root to the classpath, this may slow down class loading: sun.nio.fs.WindowsFileSystem@6e9d3220 C:\Users\Alex\IdeaProjects\lifesteal\quiltdev\build\resources\main
[11:14:21] [Datafixer Bootstrap/INFO] (Minecraft) 278 Datafixer optimizations took 168 milliseconds
[11:14:21] [main/WARN] (Minecraft) Failed to get system info for Render Extensions
java.lang.IllegalStateException: Can't getDevice() before it was initialized
	at com.mojang.blaze3d.systems.RenderSystem.getDevice(RenderSystem.java:368) ~[minecraft-1.21.10.i0:0/:?]
	at net.minecraft.client.MinecraftClient.method_68671(MinecraftClient.java:2484) ~[minecraft-1.21.10.i0:0/:?]
	at net.minecraft.util.SystemDetails.addSection(SystemDetails.java:77) [minecraft-1.21.10.i0:0/:?]
	at net.minecraft.client.MinecraftClient.addSystemDetailsToCrashReport(MinecraftClient.java:2484) [minecraft-1.21.10.i0:0/:?]
	at net.minecraft.client.MinecraftClient.addSystemDetailsToCrashReport(MinecraftClient.java:2454) [minecraft-1.21.10.i0:0/:?]
	at net.minecraft.client.main.Main.main(Main.java:207) [minecraft-1.21.10.i0:0/:?]
	at java.base/jdk.internal.reflect.DirectMethodHandleAccessor.invoke(DirectMethodHandleAccessor.java:103) ~[?:?]
	at java.base/java.lang.reflect.Method.invoke(Method.java:580) ~[?:?]
	at org.quiltmc.loader.impl.game.minecraft.MinecraftGameProvider.launch(MinecraftGameProvider.java:569) [quilt-loader-0.29.2.jar:?]
	at org.quiltmc.loader.impl.launch.knot.Knot.launch(Knot.java:85) [quilt-loader-0.29.2.jar:?]
	at net.fabricmc.loader.launch.knot.KnotClient.main(KnotClient.java:31) [quilt-loader-0.29.2.jar:?]
	at net.fabricmc.devlaunchinjector.Main.main(Main.java:86) [dev-launch-injector-0.2.1+build.8.jar:?]
